Using pre-set license
Built from '2021.1/staging' branch; Version is '2021.1.5f1 (3737af19df53) revision 3618735'; Using compiler version '192528614'; Build Type 'Release'
OS: 'Windows 10 Pro; OS build 22621.1555; Version 2009; 64bit' Language: 'tr' Physical Memory: 16225 MB
BatchMode: 1, IsHumanControllingUs: 0, StartBugReporterOnCrash: 0, Is64bit: 1, IsPro: 0

 COMMAND LINE ARGUMENTS:
C:\Program Files\Unity\Hub\Editor\2021.1.5f1\Editor\Unity.exe
-adb2
-batchMode
-noUpm
-name
AssetImportWorker0
-projectPath
C:/Users/ErayE/Desktop/Desktop/Unity/TileVania
-logFile
Logs/AssetImportWorker0.log
-srvPort
54018
Successfully changed project path to: C:/Users/ErayE/Desktop/Desktop/Unity/TileVania
C:/Users/ErayE/Desktop/Desktop/Unity/TileVania
Using Asset Import Pipeline V2.
Refreshing native plugins compatible for Editor in 107.71 ms, found 2 plugins.
Preloading 0 native plugins for Editor in 0.00 ms.
Initialize engine version: 2021.1.5f1 (3737af19df53)
[Subsystems] Discovering subsystems at path C:/Program Files/Unity/Hub/Editor/2021.1.5f1/Editor/Data/Resources/UnitySubsystems
[Subsystems] Discovering subsystems at path C:/Users/ErayE/Desktop/Desktop/Unity/TileVania/Assets
GfxDevice: creating device client; threaded=0; jobified=0
Direct3D:
    Version:  Direct3D 11.0 [level 11.1]
    Renderer: NVIDIA GeForce GTX 1660 Ti with Max-Q Design (ID=0x2191)
    Vendor:   NVIDIA
    VRAM:     5979 MB
    Driver:   31.0.15.2824
Initialize mono
Mono path[0] = 'C:/Program Files/Unity/Hub/Editor/2021.1.5f1/Editor/Data/Managed'
Mono path[1] = 'C:/Program Files/Unity/Hub/Editor/2021.1.5f1/Editor/Data/MonoBleedingEdge/lib/mono/unityjit'
Mono config path = 'C:/Program Files/Unity/Hub/Editor/2021.1.5f1/Editor/Data/MonoBleedingEdge/etc'
Using monoOptions --debugger-agent=transport=dt_socket,embedding=1,server=y,suspend=n,address=127.0.0.1:56404
Begin MonoManager ReloadAssembly
Registering precompiled unity dll's ...
Register platform support module: C:/Program Files/Unity/Hub/Editor/2021.1.5f1/Editor/Data/PlaybackEngines/WebGLSupport/UnityEditor.WebGL.Extensions.dll
Register platform support module: C:/Program Files/Unity/Hub/Editor/2021.1.5f1/Editor/Data/PlaybackEngines/WindowsStandaloneSupport/UnityEditor.WindowsStandalone.Extensions.dll
Registered in 0.002416 seconds.
Native extension for WindowsStandalone target not found
Native extension for WebGL target not found
Refreshing native plugins compatible for Editor in 106.05 ms, found 2 plugins.
Preloading 0 native plugins for Editor in 0.00 ms.
Mono: successfully reloaded assembly
- Completed reload, in  1.569 seconds
Platform modules already initialized, skipping
Registering precompiled user dll's ...
Registered in 0.004728 seconds.
Begin MonoManager ReloadAssembly
Native extension for WindowsStandalone target not found
Native extension for WebGL target not found
Refreshing native plugins compatible for Editor in 105.84 ms, found 2 plugins.
Preloading 0 native plugins for Editor in 0.00 ms.
Mono: successfully reloaded assembly
- Completed reload, in  1.240 seconds
Platform modules already initialized, skipping
========================================================================
Worker process is ready to serve import requests
Launched and connected shader compiler UnityShaderCompiler.exe after 0.05 seconds
Refreshing native plugins compatible for Editor in 0.76 ms, found 2 plugins.
Preloading 0 native plugins for Editor in 0.00 ms.
Unloading 3844 Unused Serialized files (Serialized files now loaded: 0)
System memory in use before: 144.6 MB.
System memory in use after: 144.7 MB.

Unloading 32 unused Assets to reduce memory usage. Loaded Objects now: 4296.
Total: 2.983200 ms (FindLiveObjects: 0.303900 ms CreateObjectMapping: 0.175100 ms MarkObjects: 2.391500 ms  DeleteObjects: 0.111300 ms)

========================================================================
Received Import Request.
  path: Assets/Sprites/pngkey.com-bullets-png-205593.png
  artifactKey: Guid(7bd6db869bd3c5043a0ff86ba202ac28) Importer(815301076,1909f56bfc062723c751e8b465ee728b)
Start importing Assets/Sprites/pngkey.com-bullets-png-205593.png using Guid(7bd6db869bd3c5043a0ff86ba202ac28) Importer(815301076,1909f56bfc062723c751e8b465ee728b)  -> (artifact id: '2dd17d20d17b0d4567a93cabaf5eb916') in 0.116343 seconds 
========================================================================
Received Import Request.
  Time since last request: 15.602504 seconds.
  path: Assets/Sprites/pngkey.com-bullets-png-205593.png
  artifactKey: Guid(7bd6db869bd3c5043a0ff86ba202ac28) Importer(815301076,1909f56bfc062723c751e8b465ee728b)
Start importing Assets/Sprites/pngkey.com-bullets-png-205593.png using Guid(7bd6db869bd3c5043a0ff86ba202ac28) Importer(815301076,1909f56bfc062723c751e8b465ee728b)  -> (artifact id: 'feae321648fc888de9f38c25cac441ff') in 0.013861 seconds 
========================================================================
Received Import Request.
  Time since last request: 5.584901 seconds.
  path: Assets/Sprites/pngkey.com-bullets-png-205593.png
  artifactKey: Guid(7bd6db869bd3c5043a0ff86ba202ac28) Importer(815301076,1909f56bfc062723c751e8b465ee728b)
Start importing Assets/Sprites/pngkey.com-bullets-png-205593.png using Guid(7bd6db869bd3c5043a0ff86ba202ac28) Importer(815301076,1909f56bfc062723c751e8b465ee728b)  -> (artifact id: 'e8301acf2878b901a57f0cec2a2e307b') in 0.013999 seconds 
========================================================================
Received Import Request.
  Time since last request: 5.156148 seconds.
  path: Assets/Sprites/pngkey.com-bullets-png-205593.png
  artifactKey: Guid(7bd6db869bd3c5043a0ff86ba202ac28) Importer(815301076,1909f56bfc062723c751e8b465ee728b)
Start importing Assets/Sprites/pngkey.com-bullets-png-205593.png using Guid(7bd6db869bd3c5043a0ff86ba202ac28) Importer(815301076,1909f56bfc062723c751e8b465ee728b)  -> (artifact id: 'c30e41615428799a623c790248f8f0e1') in 0.014259 seconds 
========================================================================
Received Import Request.
  Time since last request: 12.005246 seconds.
  path: Assets/Sprites/pngkey.com-bullets-png-205593.png
  artifactKey: Guid(7bd6db869bd3c5043a0ff86ba202ac28) Importer(815301076,1909f56bfc062723c751e8b465ee728b)
Start importing Assets/Sprites/pngkey.com-bullets-png-205593.png using Guid(7bd6db869bd3c5043a0ff86ba202ac28) Importer(815301076,1909f56bfc062723c751e8b465ee728b)  -> (artifact id: '0669b4da1304fe740c9f22c4a1aa87c8') in 0.013924 seconds 
========================================================================
Received Import Request.
  Time since last request: 20.311507 seconds.
  path: Assets/Sprites/pngkey.com-bullets-png-205593.png
  artifactKey: Guid(7bd6db869bd3c5043a0ff86ba202ac28) Importer(815301076,1909f56bfc062723c751e8b465ee728b)
Start importing Assets/Sprites/pngkey.com-bullets-png-205593.png using Guid(7bd6db869bd3c5043a0ff86ba202ac28) Importer(815301076,1909f56bfc062723c751e8b465ee728b)  -> (artifact id: 'e4e51fa960a60e5446cc22d96e1893de') in 0.009692 seconds 
========================================================================
Received Import Request.
  Time since last request: 143.399619 seconds.
  path: Assets/Sprites/pngkey.com-bullets-png-205593.png
  artifactKey: Guid(7bd6db869bd3c5043a0ff86ba202ac28) Importer(815301076,1909f56bfc062723c751e8b465ee728b)
Start importing Assets/Sprites/pngkey.com-bullets-png-205593.png using Guid(7bd6db869bd3c5043a0ff86ba202ac28) Importer(815301076,1909f56bfc062723c751e8b465ee728b)  -> (artifact id: '9c02ac7e2edc48e456a7c1d546d5c9e0') in 0.022184 seconds 
========================================================================
Received Import Request.
  Time since last request: 130.495757 seconds.
  path: Assets/Sprites/pngkey.com-bullets-png-205593.png
  artifactKey: Guid(7bd6db869bd3c5043a0ff86ba202ac28) Importer(815301076,1909f56bfc062723c751e8b465ee728b)
Start importing Assets/Sprites/pngkey.com-bullets-png-205593.png using Guid(7bd6db869bd3c5043a0ff86ba202ac28) Importer(815301076,1909f56bfc062723c751e8b465ee728b)  -> (artifact id: '21d811688b13b0de97d291bbfa00a435') in 0.018683 seconds 
========================================================================
Received Import Request.
  Time since last request: 4.165548 seconds.
  path: Assets/Sprites/pngkey.com-bullets-png-205593.png
  artifactKey: Guid(7bd6db869bd3c5043a0ff86ba202ac28) Importer(815301076,1909f56bfc062723c751e8b465ee728b)
Start importing Assets/Sprites/pngkey.com-bullets-png-205593.png using Guid(7bd6db869bd3c5043a0ff86ba202ac28) Importer(815301076,1909f56bfc062723c751e8b465ee728b)  -> (artifact id: '6ac288bd91f3608db0bb393218aa56a2') in 0.019011 seconds 
========================================================================
Received Import Request.
  Time since last request: 75.161426 seconds.
  path: ProjectSettings/TagManager.asset
  artifactKey: Guid(00000000000000003000000000000000) Importer(815301076,1909f56bfc062723c751e8b465ee728b)
Start importing ProjectSettings/TagManager.asset using Guid(00000000000000003000000000000000) Importer(815301076,1909f56bfc062723c751e8b465ee728b)  -> (artifact id: '552f4c69d9aa93af79522d79ec36507f') in 0.009430 seconds 
========================================================================
Received Import Request.
  Time since last request: 34.577858 seconds.
  path: Assets/Sprites/pngkey.com-bullets-png-205593.png
  artifactKey: Guid(7bd6db869bd3c5043a0ff86ba202ac28) Importer(815301076,1909f56bfc062723c751e8b465ee728b)
Start importing Assets/Sprites/pngkey.com-bullets-png-205593.png using Guid(7bd6db869bd3c5043a0ff86ba202ac28) Importer(815301076,1909f56bfc062723c751e8b465ee728b)  -> (artifact id: '3991fa25eab1493f0d39104afb567d59') in 0.016976 seconds 
========================================================================
Received Import Request.
  Time since last request: 4.453073 seconds.
  path: Assets/Sprites/pngkey.com-bullets-png-205593.png
  artifactKey: Guid(7bd6db869bd3c5043a0ff86ba202ac28) Importer(815301076,1909f56bfc062723c751e8b465ee728b)
Start importing Assets/Sprites/pngkey.com-bullets-png-205593.png using Guid(7bd6db869bd3c5043a0ff86ba202ac28) Importer(815301076,1909f56bfc062723c751e8b465ee728b)  -> (artifact id: 'a9e1e55c7eb5049a187d76acaf701b95') in 0.017247 seconds 
========================================================================
Received Import Request.
  Time since last request: 1260.166910 seconds.
  path: Assets/Sprites/Fire.anim
  artifactKey: Guid(b02681ade53b71641894ca2f13ca0c12) Importer(815301076,1909f56bfc062723c751e8b465ee728b)
Start importing Assets/Sprites/Fire.anim using Guid(b02681ade53b71641894ca2f13ca0c12) Importer(815301076,1909f56bfc062723c751e8b465ee728b)  -> (artifact id: '2bdc42ccedd026e4f0cafef727711240') in 0.006946 seconds 
========================================================================
Received Import Request.
  Time since last request: 99.373079 seconds.
  path: Assets/Animations/Ginger Fire.controller
  artifactKey: Guid(cad3c6018273a124b8868c7d0597aa9e) Importer(815301076,1909f56bfc062723c751e8b465ee728b)
Start importing Assets/Animations/Ginger Fire.controller using Guid(cad3c6018273a124b8868c7d0597aa9e) Importer(815301076,1909f56bfc062723c751e8b465ee728b)  -> (artifact id: '3f168f7140f12ba9dd89d3e5343df868') in 0.008195 seconds 
========================================================================
Received Import Request.
  Time since last request: 111.825299 seconds.
  path: Assets/Animations/Ginger Die.anim
  artifactKey: Guid(979feb62ab0c11f44ab1a6a3e2b1c8a6) Importer(815301076,1909f56bfc062723c751e8b465ee728b)
Start importing Assets/Animations/Ginger Die.anim using Guid(979feb62ab0c11f44ab1a6a3e2b1c8a6) Importer(815301076,1909f56bfc062723c751e8b465ee728b)  -> (artifact id: '857c608e647120d8836e14881d874a07') in 0.011139 seconds 
========================================================================
Received Prepare
Registering precompiled user dll's ...
Registered in 0.007500 seconds.
Begin MonoManager ReloadAssembly
Native extension for WindowsStandalone target not found
Native extension for WebGL target not found
Refreshing native plugins compatible for Editor in 0.67 ms, found 2 plugins.
Preloading 0 native plugins for Editor in 0.00 ms.
Mono: successfully reloaded assembly
- Completed reload, in  1.109 seconds
Platform modules already initialized, skipping
Refreshing native plugins compatible for Editor in 0.72 ms, found 2 plugins.
Preloading 0 native plugins for Editor in 0.00 ms.
Unloading 3837 Unused Serialized files (Serialized files now loaded: 0)
System memory in use before: 154.6 MB.
System memory in use after: 154.7 MB.

Unloading 19 unused Assets to reduce memory usage. Loaded Objects now: 4463.
Total: 3.758000 ms (FindLiveObjects: 0.429100 ms CreateObjectMapping: 0.257200 ms MarkObjects: 2.960000 ms  DeleteObjects: 0.109600 ms)

========================================================================
Received Prepare
Registering precompiled user dll's ...
Registered in 0.004689 seconds.
Begin MonoManager ReloadAssembly
Native extension for WindowsStandalone target not found
Native extension for WebGL target not found
Refreshing native plugins compatible for Editor in 0.64 ms, found 2 plugins.
Preloading 0 native plugins for Editor in 0.00 ms.
Mono: successfully reloaded assembly
- Completed reload, in  1.129 seconds
Platform modules already initialized, skipping
Refreshing native plugins compatible for Editor in 0.69 ms, found 2 plugins.
Preloading 0 native plugins for Editor in 0.00 ms.
Unloading 3836 Unused Serialized files (Serialized files now loaded: 0)
System memory in use before: 154.7 MB.
System memory in use after: 154.8 MB.

Unloading 18 unused Assets to reduce memory usage. Loaded Objects now: 4467.
Total: 3.404800 ms (FindLiveObjects: 0.375600 ms CreateObjectMapping: 0.249300 ms MarkObjects: 2.659600 ms  DeleteObjects: 0.118800 ms)

========================================================================
Received Import Request.
  Time since last request: 142.276055 seconds.
  path: Assets/Scripts/PlayerMovement.cs
  artifactKey: Guid(103cd61df2455b24d9c613dca5419ff1) Importer(815301076,1909f56bfc062723c751e8b465ee728b)
Start importing Assets/Scripts/PlayerMovement.cs using Guid(103cd61df2455b24d9c613dca5419ff1) Importer(815301076,1909f56bfc062723c751e8b465ee728b)  -> (artifact id: '8596e0beb9fab7d1bf9e4343047734ba') in 0.029483 seconds 
========================================================================
Received Import Request.
  Time since last request: 71.617538 seconds.
  path: Assets/Tiles/Platforms Palette.prefab
  artifactKey: Guid(591446fb76862c84daa7f0e2e7ec23f2) Importer(815301076,1909f56bfc062723c751e8b465ee728b)
Start importing Assets/Tiles/Platforms Palette.prefab using Guid(591446fb76862c84daa7f0e2e7ec23f2) Importer(815301076,1909f56bfc062723c751e8b465ee728b)  -> (artifact id: '0dd29da22eaf65ec16595226a9a32040') in 0.035132 seconds 
========================================================================
Received Import Request.
  Time since last request: 0.011935 seconds.
  path: Assets/Tiles/TX Village Props_40.asset
  artifactKey: Guid(8207259d368502e4cb37a53775ff5b1a) Importer(815301076,1909f56bfc062723c751e8b465ee728b)
Start importing Assets/Tiles/TX Village Props_40.asset using Guid(8207259d368502e4cb37a53775ff5b1a) Importer(815301076,1909f56bfc062723c751e8b465ee728b)  -> (artifact id: '408ebf15c77ba13fb2999adc8ab8df60') in 0.032716 seconds 
========================================================================
Received Import Request.
  Time since last request: 0.000338 seconds.
  path: Assets/Tiles/TX Village Props_45.asset
  artifactKey: Guid(e05c5f7e1726a724f8d6625e2b3ad441) Importer(815301076,1909f56bfc062723c751e8b465ee728b)
Start importing Assets/Tiles/TX Village Props_45.asset using Guid(e05c5f7e1726a724f8d6625e2b3ad441) Importer(815301076,1909f56bfc062723c751e8b465ee728b)  -> (artifact id: '2adaa55d118a59604251de6a9c09c8ba') in 0.009242 seconds 
========================================================================
Received Import Request.
  Time since last request: 1.591712 seconds.
  path: Assets/Enemies/Gobber.prefab
  artifactKey: Guid(259f785fe1b752943a260a2bd7b8abe3) Importer(815301076,1909f56bfc062723c751e8b465ee728b)
Start importing Assets/Enemies/Gobber.prefab using Guid(259f785fe1b752943a260a2bd7b8abe3) Importer(815301076,1909f56bfc062723c751e8b465ee728b)  -> (artifact id: 'f4841401ce2e25bb668a47d225bdb85e') in 0.040080 seconds 
========================================================================
Received Prepare
Registering precompiled user dll's ...
Registered in 0.004992 seconds.
Begin MonoManager ReloadAssembly
Native extension for WindowsStandalone target not found
Native extension for WebGL target not found
Refreshing native plugins compatible for Editor in 1.37 ms, found 2 plugins.
Preloading 0 native plugins for Editor in 0.00 ms.
Mono: successfully reloaded assembly
- Completed reload, in  1.506 seconds
Platform modules already initialized, skipping
Refreshing native plugins compatible for Editor in 1.07 ms, found 2 plugins.
Preloading 0 native plugins for Editor in 0.00 ms.
Unloading 3836 Unused Serialized files (Serialized files now loaded: 0)
System memory in use before: 154.8 MB.
System memory in use after: 154.9 MB.

Unloading 18 unused Assets to reduce memory usage. Loaded Objects now: 4480.
Total: 3.912700 ms (FindLiveObjects: 0.486200 ms CreateObjectMapping: 0.291000 ms MarkObjects: 3.028200 ms  DeleteObjects: 0.105500 ms)

========================================================================
Received Prepare
Registering precompiled user dll's ...
Registered in 0.004809 seconds.
Begin MonoManager ReloadAssembly
Native extension for WindowsStandalone target not found
Native extension for WebGL target not found
Refreshing native plugins compatible for Editor in 0.71 ms, found 2 plugins.
Preloading 0 native plugins for Editor in 0.00 ms.
Mono: successfully reloaded assembly
- Completed reload, in  1.252 seconds
Platform modules already initialized, skipping
Refreshing native plugins compatible for Editor in 0.66 ms, found 2 plugins.
Preloading 0 native plugins for Editor in 0.00 ms.
Unloading 3836 Unused Serialized files (Serialized files now loaded: 0)
System memory in use before: 154.8 MB.
System memory in use after: 155.0 MB.

Unloading 18 unused Assets to reduce memory usage. Loaded Objects now: 4484.
Total: 2.908400 ms (FindLiveObjects: 0.290900 ms CreateObjectMapping: 0.150600 ms MarkObjects: 2.377100 ms  DeleteObjects: 0.088600 ms)

========================================================================
Received Import Request.
  Time since last request: 2162.144429 seconds.
  path: Assets/Prefabs/Ginger (Player).prefab
  artifactKey: Guid(371cabe11097ab14b96530c60b023edb) Importer(815301076,1909f56bfc062723c751e8b465ee728b)
Start importing Assets/Prefabs/Ginger (Player).prefab using Guid(371cabe11097ab14b96530c60b023edb) Importer(815301076,1909f56bfc062723c751e8b465ee728b)  -> (artifact id: '5809d8103532352d35f3f558fbaa344a') in 0.072214 seconds 
========================================================================
Received Import Request.
  Time since last request: 119.718215 seconds.
  path: Assets/Prefabs/Fire.prefab
  artifactKey: Guid(fa98cbf82d01b8742bd721f1ddcfd7dc) Importer(815301076,1909f56bfc062723c751e8b465ee728b)
Start importing Assets/Prefabs/Fire.prefab using Guid(fa98cbf82d01b8742bd721f1ddcfd7dc) Importer(815301076,1909f56bfc062723c751e8b465ee728b)  -> (artifact id: 'ec1edb24890e13fe86d8b967456c77d2') in 0.004145 seconds 
========================================================================
Received Prepare
Registering precompiled user dll's ...
Registered in 0.005601 seconds.
Begin MonoManager ReloadAssembly
Native extension for WindowsStandalone target not found
Native extension for WebGL target not found
Refreshing native plugins compatible for Editor in 0.64 ms, found 2 plugins.
Preloading 0 native plugins for Editor in 0.00 ms.
Mono: successfully reloaded assembly
- Completed reload, in  1.120 seconds
Platform modules already initialized, skipping
Refreshing native plugins compatible for Editor in 0.90 ms, found 2 plugins.
Preloading 0 native plugins for Editor in 0.00 ms.
Unloading 3836 Unused Serialized files (Serialized files now loaded: 0)
System memory in use before: 154.9 MB.
System memory in use after: 155.0 MB.

Unloading 18 unused Assets to reduce memory usage. Loaded Objects now: 4489.
Total: 3.164200 ms (FindLiveObjects: 0.323800 ms CreateObjectMapping: 0.216000 ms MarkObjects: 2.533300 ms  DeleteObjects: 0.090100 ms)

========================================================================
Received Import Request.
  Time since last request: 351.143233 seconds.
  path: Assets/Prefabs/Fire.prefab
  artifactKey: Guid(fa98cbf82d01b8742bd721f1ddcfd7dc) Importer(815301076,1909f56bfc062723c751e8b465ee728b)
Start importing Assets/Prefabs/Fire.prefab using Guid(fa98cbf82d01b8742bd721f1ddcfd7dc) Importer(815301076,1909f56bfc062723c751e8b465ee728b)  -> (artifact id: 'd61a72ad4bb5fe0d2dac6c3327ff8335') in 0.052043 seconds 
========================================================================
Received Import Request.
  Time since last request: 0.000320 seconds.
  path: Assets/Prefabs/Ginger (Player).prefab
  artifactKey: Guid(371cabe11097ab14b96530c60b023edb) Importer(815301076,1909f56bfc062723c751e8b465ee728b)
Start importing Assets/Prefabs/Ginger (Player).prefab using Guid(371cabe11097ab14b96530c60b023edb) Importer(815301076,1909f56bfc062723c751e8b465ee728b)  -> (artifact id: '6a8b5c32db506d59f223d2267ba13855') in 0.031703 seconds 
========================================================================
Received Import Request.
  Time since last request: 34.622086 seconds.
  path: Assets/Prefabs/Ginger (Player).prefab
  artifactKey: Guid(371cabe11097ab14b96530c60b023edb) Importer(815301076,1909f56bfc062723c751e8b465ee728b)
Start importing Assets/Prefabs/Ginger (Player).prefab using Guid(371cabe11097ab14b96530c60b023edb) Importer(815301076,1909f56bfc062723c751e8b465ee728b)  -> (artifact id: '2ed1eb0576e631a8cc2ad93a851b81ab') in 0.011371 seconds 
========================================================================
Received Prepare
Registering precompiled user dll's ...
Registered in 0.005249 seconds.
Begin MonoManager ReloadAssembly
Native extension for WindowsStandalone target not found
Native extension for WebGL target not found
Refreshing native plugins compatible for Editor in 0.64 ms, found 2 plugins.
Preloading 0 native plugins for Editor in 0.00 ms.
Mono: successfully reloaded assembly
- Completed reload, in  1.154 seconds
Platform modules already initialized, skipping
Refreshing native plugins compatible for Editor in 0.71 ms, found 2 plugins.
Preloading 0 native plugins for Editor in 0.00 ms.
Unloading 3836 Unused Serialized files (Serialized files now loaded: 0)
System memory in use before: 154.9 MB.
System memory in use after: 155.0 MB.

Unloading 18 unused Assets to reduce memory usage. Loaded Objects now: 4494.
Total: 3.437200 ms (FindLiveObjects: 0.348700 ms CreateObjectMapping: 0.220700 ms MarkObjects: 2.775800 ms  DeleteObjects: 0.090600 ms)

========================================================================
Received Import Request.
  Time since last request: 454.355888 seconds.
  path: Assets/Prefabs/Fire.prefab
  artifactKey: Guid(fa98cbf82d01b8742bd721f1ddcfd7dc) Importer(815301076,1909f56bfc062723c751e8b465ee728b)
Start importing Assets/Prefabs/Fire.prefab using Guid(fa98cbf82d01b8742bd721f1ddcfd7dc) Importer(815301076,1909f56bfc062723c751e8b465ee728b)  -> (artifact id: 'af02fcf3f23b28cbeb4b490171498094') in 0.054129 seconds 
========================================================================
Received Import Request.
  Time since last request: 12.476406 seconds.
  path: Assets/Prefabs/Fire.prefab
  artifactKey: Guid(fa98cbf82d01b8742bd721f1ddcfd7dc) Importer(815301076,1909f56bfc062723c751e8b465ee728b)
Start importing Assets/Prefabs/Fire.prefab using Guid(fa98cbf82d01b8742bd721f1ddcfd7dc) Importer(815301076,1909f56bfc062723c751e8b465ee728b)  -> (artifact id: '7c02b8913b5fdeec61056f35592da400') in 0.010285 seconds 
========================================================================
Received Import Request.
  Time since last request: 2.442712 seconds.
  path: Assets/Prefabs/Fire.prefab
  artifactKey: Guid(fa98cbf82d01b8742bd721f1ddcfd7dc) Importer(815301076,1909f56bfc062723c751e8b465ee728b)
Start importing Assets/Prefabs/Fire.prefab using Guid(fa98cbf82d01b8742bd721f1ddcfd7dc) Importer(815301076,1909f56bfc062723c751e8b465ee728b)  -> (artifact id: '6ea5b7ef236305d0eeb277d35ab9e498') in 0.010147 seconds 
========================================================================
Received Import Request.
  Time since last request: 6.502060 seconds.
  path: Assets/Prefabs/Fire.prefab
  artifactKey: Guid(fa98cbf82d01b8742bd721f1ddcfd7dc) Importer(815301076,1909f56bfc062723c751e8b465ee728b)
Start importing Assets/Prefabs/Fire.prefab using Guid(fa98cbf82d01b8742bd721f1ddcfd7dc) Importer(815301076,1909f56bfc062723c751e8b465ee728b)  -> (artifact id: '4283c95247fc4be8425a87f259c8f7dc') in 0.009607 seconds 
========================================================================
Received Import Request.
  Time since last request: 3.886420 seconds.
  path: Assets/Prefabs/Fire.prefab
  artifactKey: Guid(fa98cbf82d01b8742bd721f1ddcfd7dc) Importer(815301076,1909f56bfc062723c751e8b465ee728b)
Start importing Assets/Prefabs/Fire.prefab using Guid(fa98cbf82d01b8742bd721f1ddcfd7dc) Importer(815301076,1909f56bfc062723c751e8b465ee728b)  -> (artifact id: '75c525ba51ebf274fce18f1ff80f17c7') in 0.010143 seconds 
========================================================================
Received Import Request.
  Time since last request: 9.695481 seconds.
  path: Assets/Prefabs/Fire.prefab
  artifactKey: Guid(fa98cbf82d01b8742bd721f1ddcfd7dc) Importer(815301076,1909f56bfc062723c751e8b465ee728b)
Start importing Assets/Prefabs/Fire.prefab using Guid(fa98cbf82d01b8742bd721f1ddcfd7dc) Importer(815301076,1909f56bfc062723c751e8b465ee728b)  -> (artifact id: 'a54b93c391799b8b9502a35e1daf25c8') in 0.009926 seconds 
========================================================================
Received Import Request.
  Time since last request: 5.242004 seconds.
  path: Assets/Prefabs/Fire.prefab
  artifactKey: Guid(fa98cbf82d01b8742bd721f1ddcfd7dc) Importer(815301076,1909f56bfc062723c751e8b465ee728b)
Start importing Assets/Prefabs/Fire.prefab using Guid(fa98cbf82d01b8742bd721f1ddcfd7dc) Importer(815301076,1909f56bfc062723c751e8b465ee728b)  -> (artifact id: '7b40e4b96f82dd66ab0065d25a642b31') in 0.008792 seconds 
========================================================================
Received Import Request.
  Time since last request: 22.854955 seconds.
  path: Assets/Prefabs/Fire.prefab
  artifactKey: Guid(fa98cbf82d01b8742bd721f1ddcfd7dc) Importer(815301076,1909f56bfc062723c751e8b465ee728b)
Start importing Assets/Prefabs/Fire.prefab using Guid(fa98cbf82d01b8742bd721f1ddcfd7dc) Importer(815301076,1909f56bfc062723c751e8b465ee728b)  -> (artifact id: 'dbadd208485e83d2cb3c42ee0e6f0b19') in 0.011144 seconds 
========================================================================
Received Import Request.
  Time since last request: 30.010178 seconds.
  path: Assets/Prefabs/Fire.prefab
  artifactKey: Guid(fa98cbf82d01b8742bd721f1ddcfd7dc) Importer(815301076,1909f56bfc062723c751e8b465ee728b)
Start importing Assets/Prefabs/Fire.prefab using Guid(fa98cbf82d01b8742bd721f1ddcfd7dc) Importer(815301076,1909f56bfc062723c751e8b465ee728b)  -> (artifact id: '78795244bf1805c1ea39b6bf0eefeaa8') in 0.011271 seconds 
========================================================================
Received Import Request.
  Time since last request: 2.616558 seconds.
  path: Assets/Prefabs/Fire.prefab
  artifactKey: Guid(fa98cbf82d01b8742bd721f1ddcfd7dc) Importer(815301076,1909f56bfc062723c751e8b465ee728b)
Start importing Assets/Prefabs/Fire.prefab using Guid(fa98cbf82d01b8742bd721f1ddcfd7dc) Importer(815301076,1909f56bfc062723c751e8b465ee728b)  -> (artifact id: '1a55c397babdffc29036cc14989316b8') in 0.011421 seconds 
========================================================================
Received Import Request.
  Time since last request: 32.665751 seconds.
  path: Assets/Prefabs/Fire.prefab
  artifactKey: Guid(fa98cbf82d01b8742bd721f1ddcfd7dc) Importer(815301076,1909f56bfc062723c751e8b465ee728b)
Start importing Assets/Prefabs/Fire.prefab using Guid(fa98cbf82d01b8742bd721f1ddcfd7dc) Importer(815301076,1909f56bfc062723c751e8b465ee728b)  -> (artifact id: 'f84edaeda3a285bf8572ec67295d3d24') in 0.012562 seconds 
========================================================================
Received Import Request.
  Time since last request: 76.486318 seconds.
  path: Assets/Scripts/Fire.cs
  artifactKey: Guid(519f3554572428145a9000c4af868ca9) Importer(815301076,1909f56bfc062723c751e8b465ee728b)
Start importing Assets/Scripts/Fire.cs using Guid(519f3554572428145a9000c4af868ca9) Importer(815301076,1909f56bfc062723c751e8b465ee728b)  -> (artifact id: '0faedb03b0e9ee404b5be7150f5bfe78') in 0.003249 seconds 
========================================================================
Received Prepare
Registering precompiled user dll's ...
Registered in 0.004528 seconds.
Begin MonoManager ReloadAssembly
Native extension for WindowsStandalone target not found
Native extension for WebGL target not found
Refreshing native plugins compatible for Editor in 0.66 ms, found 2 plugins.
Preloading 0 native plugins for Editor in 0.00 ms.
Mono: successfully reloaded assembly
- Completed reload, in  1.095 seconds
Platform modules already initialized, skipping
Refreshing native plugins compatible for Editor in 0.65 ms, found 2 plugins.
Preloading 0 native plugins for Editor in 0.00 ms.
Unloading 3837 Unused Serialized files (Serialized files now loaded: 0)
System memory in use before: 155.4 MB.
System memory in use after: 155.5 MB.

Unloading 18 unused Assets to reduce memory usage. Loaded Objects now: 4500.
Total: 3.234700 ms (FindLiveObjects: 0.294700 ms CreateObjectMapping: 0.171800 ms MarkObjects: 2.669900 ms  DeleteObjects: 0.097200 ms)

========================================================================
Received Import Request.
  Time since last request: 503.841820 seconds.
  path: Assets/Scripts/Fire.cs
  artifactKey: Guid(519f3554572428145a9000c4af868ca9) Importer(815301076,1909f56bfc062723c751e8b465ee728b)
Start importing Assets/Scripts/Fire.cs using Guid(519f3554572428145a9000c4af868ca9) Importer(815301076,1909f56bfc062723c751e8b465ee728b)  -> (artifact id: 'c161303cefde97561286d472fc32b862') in 0.005510 seconds 
========================================================================
Received Import Request.
  Time since last request: 49.710800 seconds.
  path: Assets/Prefabs/Fire.prefab
  artifactKey: Guid(fa98cbf82d01b8742bd721f1ddcfd7dc) Importer(815301076,1909f56bfc062723c751e8b465ee728b)
Start importing Assets/Prefabs/Fire.prefab using Guid(fa98cbf82d01b8742bd721f1ddcfd7dc) Importer(815301076,1909f56bfc062723c751e8b465ee728b)  -> (artifact id: '307542bc6b02edc5e73b748d34877ad3') in 0.057026 seconds 
========================================================================
Received Prepare
Registering precompiled user dll's ...
Registered in 0.007679 seconds.
Begin MonoManager ReloadAssembly
Native extension for WindowsStandalone target not found
Native extension for WebGL target not found
Refreshing native plugins compatible for Editor in 0.64 ms, found 2 plugins.
Preloading 0 native plugins for Editor in 0.00 ms.
Mono: successfully reloaded assembly
- Completed reload, in  1.098 seconds
Platform modules already initialized, skipping
Refreshing native plugins compatible for Editor in 0.65 ms, found 2 plugins.
Preloading 0 native plugins for Editor in 0.00 ms.
Unloading 3837 Unused Serialized files (Serialized files now loaded: 0)
System memory in use before: 155.4 MB.
System memory in use after: 155.5 MB.

Unloading 18 unused Assets to reduce memory usage. Loaded Objects now: 4505.
Total: 3.006600 ms (FindLiveObjects: 0.286000 ms CreateObjectMapping: 0.193400 ms MarkObjects: 2.439000 ms  DeleteObjects: 0.087200 ms)

========================================================================
Received Prepare
Registering precompiled user dll's ...
Registered in 0.004508 seconds.
Begin MonoManager ReloadAssembly
Native extension for WindowsStandalone target not found
Native extension for WebGL target not found
Refreshing native plugins compatible for Editor in 0.65 ms, found 2 plugins.
Preloading 0 native plugins for Editor in 0.00 ms.
Mono: successfully reloaded assembly
- Completed reload, in  1.021 seconds
Platform modules already initialized, skipping
Refreshing native plugins compatible for Editor in 0.65 ms, found 2 plugins.
Preloading 0 native plugins for Editor in 0.00 ms.
Unloading 3837 Unused Serialized files (Serialized files now loaded: 0)
System memory in use before: 155.4 MB.
System memory in use after: 155.5 MB.

Unloading 18 unused Assets to reduce memory usage. Loaded Objects now: 4509.
Total: 3.103100 ms (FindLiveObjects: 0.296300 ms CreateObjectMapping: 0.176600 ms MarkObjects: 2.542400 ms  DeleteObjects: 0.086600 ms)

========================================================================
Received Prepare
Registering precompiled user dll's ...
Registered in 0.004602 seconds.
Begin MonoManager ReloadAssembly
Native extension for WindowsStandalone target not found
Native extension for WebGL target not found
Refreshing native plugins compatible for Editor in 0.68 ms, found 2 plugins.
Preloading 0 native plugins for Editor in 0.00 ms.
Mono: successfully reloaded assembly
- Completed reload, in  1.068 seconds
Platform modules already initialized, skipping
Refreshing native plugins compatible for Editor in 0.78 ms, found 2 plugins.
Preloading 0 native plugins for Editor in 0.00 ms.
Unloading 3837 Unused Serialized files (Serialized files now loaded: 0)
System memory in use before: 155.4 MB.
System memory in use after: 155.6 MB.

Unloading 18 unused Assets to reduce memory usage. Loaded Objects now: 4513.
Total: 3.885900 ms (FindLiveObjects: 0.452600 ms CreateObjectMapping: 0.261300 ms MarkObjects: 3.074700 ms  DeleteObjects: 0.095600 ms)

========================================================================
Received Import Request.
  Time since last request: 198.609759 seconds.
  path: Assets/Prefabs/Fire.prefab
  artifactKey: Guid(fa98cbf82d01b8742bd721f1ddcfd7dc) Importer(815301076,1909f56bfc062723c751e8b465ee728b)
Start importing Assets/Prefabs/Fire.prefab using Guid(fa98cbf82d01b8742bd721f1ddcfd7dc) Importer(815301076,1909f56bfc062723c751e8b465ee728b)  -> (artifact id: '9b885ac3d98697f01de6db3ddaf9882e') in 0.054899 seconds 
========================================================================
Received Prepare
Registering precompiled user dll's ...
Registered in 0.004646 seconds.
Begin MonoManager ReloadAssembly
Native extension for WindowsStandalone target not found
Native extension for WebGL target not found
Refreshing native plugins compatible for Editor in 0.66 ms, found 2 plugins.
Preloading 0 native plugins for Editor in 0.00 ms.
Mono: successfully reloaded assembly
- Completed reload, in  1.103 seconds
Platform modules already initialized, skipping
Refreshing native plugins compatible for Editor in 0.65 ms, found 2 plugins.
Preloading 0 native plugins for Editor in 0.00 ms.
Unloading 3837 Unused Serialized files (Serialized files now loaded: 0)
System memory in use before: 155.5 MB.
System memory in use after: 155.6 MB.

Unloading 18 unused Assets to reduce memory usage. Loaded Objects now: 4518.
Total: 3.002800 ms (FindLiveObjects: 0.303000 ms CreateObjectMapping: 0.159900 ms MarkObjects: 2.453500 ms  DeleteObjects: 0.085200 ms)

========================================================================
Received Prepare
Registering precompiled user dll's ...
Registered in 0.005426 seconds.
Begin MonoManager ReloadAssembly
Native extension for WindowsStandalone target not found
Native extension for WebGL target not found
Refreshing native plugins compatible for Editor in 1.00 ms, found 2 plugins.
Preloading 0 native plugins for Editor in 0.00 ms.
Mono: successfully reloaded assembly
- Completed reload, in  1.118 seconds
Platform modules already initialized, skipping
Refreshing native plugins compatible for Editor in 0.63 ms, found 2 plugins.
Preloading 0 native plugins for Editor in 0.00 ms.
Unloading 3837 Unused Serialized files (Serialized files now loaded: 0)
System memory in use before: 155.5 MB.
System memory in use after: 155.6 MB.

Unloading 18 unused Assets to reduce memory usage. Loaded Objects now: 4522.
Total: 3.018800 ms (FindLiveObjects: 0.277500 ms CreateObjectMapping: 0.201200 ms MarkObjects: 2.452600 ms  DeleteObjects: 0.086600 ms)

========================================================================
Received Prepare
Registering precompiled user dll's ...
Registered in 0.004423 seconds.
Begin MonoManager ReloadAssembly
Native extension for WindowsStandalone target not found
Native extension for WebGL target not found
Refreshing native plugins compatible for Editor in 1.81 ms, found 2 plugins.
Preloading 0 native plugins for Editor in 0.00 ms.
Mono: successfully reloaded assembly
- Completed reload, in  1.075 seconds
Platform modules already initialized, skipping
Refreshing native plugins compatible for Editor in 0.66 ms, found 2 plugins.
Preloading 0 native plugins for Editor in 0.00 ms.
Unloading 3837 Unused Serialized files (Serialized files now loaded: 0)
System memory in use before: 155.5 MB.
System memory in use after: 155.6 MB.

Unloading 18 unused Assets to reduce memory usage. Loaded Objects now: 4526.
Total: 3.396100 ms (FindLiveObjects: 0.291600 ms CreateObjectMapping: 0.166900 ms MarkObjects: 2.806300 ms  DeleteObjects: 0.130200 ms)

========================================================================
Received Prepare
Registering precompiled user dll's ...
Registered in 0.004399 seconds.
Begin MonoManager ReloadAssembly
Native extension for WindowsStandalone target not found
Native extension for WebGL target not found
Refreshing native plugins compatible for Editor in 0.65 ms, found 2 plugins.
Preloading 0 native plugins for Editor in 0.00 ms.
Mono: successfully reloaded assembly
- Completed reload, in  1.092 seconds
Platform modules already initialized, skipping
Refreshing native plugins compatible for Editor in 0.68 ms, found 2 plugins.
Preloading 0 native plugins for Editor in 0.00 ms.
Unloading 3837 Unused Serialized files (Serialized files now loaded: 0)
System memory in use before: 155.5 MB.
System memory in use after: 155.7 MB.

Unloading 18 unused Assets to reduce memory usage. Loaded Objects now: 4530.
Total: 3.441400 ms (FindLiveObjects: 0.319900 ms CreateObjectMapping: 0.207700 ms MarkObjects: 2.812300 ms  DeleteObjects: 0.100100 ms)

========================================================================
Received Prepare
Registering precompiled user dll's ...
Registered in 0.004793 seconds.
Begin MonoManager ReloadAssembly
Native extension for WindowsStandalone target not found
Native extension for WebGL target not found
Refreshing native plugins compatible for Editor in 0.67 ms, found 2 plugins.
Preloading 0 native plugins for Editor in 0.00 ms.
Mono: successfully reloaded assembly
- Completed reload, in  1.071 seconds
Platform modules already initialized, skipping
Refreshing native plugins compatible for Editor in 0.63 ms, found 2 plugins.
Preloading 0 native plugins for Editor in 0.00 ms.
Unloading 3837 Unused Serialized files (Serialized files now loaded: 0)
System memory in use before: 155.6 MB.
System memory in use after: 155.7 MB.

Unloading 18 unused Assets to reduce memory usage. Loaded Objects now: 4534.
Total: 2.970000 ms (FindLiveObjects: 0.300700 ms CreateObjectMapping: 0.200900 ms MarkObjects: 2.379400 ms  DeleteObjects: 0.087800 ms)

========================================================================
Received Prepare
Registering precompiled user dll's ...
Registered in 0.005875 seconds.
Begin MonoManager ReloadAssembly
Native extension for WindowsStandalone target not found
Native extension for WebGL target not found
Refreshing native plugins compatible for Editor in 0.67 ms, found 2 plugins.
Preloading 0 native plugins for Editor in 0.00 ms.
Mono: successfully reloaded assembly
- Completed reload, in  1.192 seconds
Platform modules already initialized, skipping
Refreshing native plugins compatible for Editor in 0.68 ms, found 2 plugins.
Preloading 0 native plugins for Editor in 0.00 ms.
Unloading 3837 Unused Serialized files (Serialized files now loaded: 0)
System memory in use before: 155.6 MB.
System memory in use after: 155.7 MB.

Unloading 18 unused Assets to reduce memory usage. Loaded Objects now: 4538.
Total: 3.049300 ms (FindLiveObjects: 0.305600 ms CreateObjectMapping: 0.242500 ms MarkObjects: 2.403800 ms  DeleteObjects: 0.096300 ms)

========================================================================
Received Prepare
Registering precompiled user dll's ...
Registered in 0.005008 seconds.
Begin MonoManager ReloadAssembly
Native extension for WindowsStandalone target not found
Native extension for WebGL target not found
Refreshing native plugins compatible for Editor in 1.08 ms, found 2 plugins.
Preloading 0 native plugins for Editor in 0.00 ms.
Mono: successfully reloaded assembly
- Completed reload, in  1.094 seconds
Platform modules already initialized, skipping
Refreshing native plugins compatible for Editor in 0.70 ms, found 2 plugins.
Preloading 0 native plugins for Editor in 0.00 ms.
Unloading 3837 Unused Serialized files (Serialized files now loaded: 0)
System memory in use before: 155.6 MB.
System memory in use after: 155.7 MB.

Unloading 18 unused Assets to reduce memory usage. Loaded Objects now: 4542.
Total: 2.956200 ms (FindLiveObjects: 0.298400 ms CreateObjectMapping: 0.160300 ms MarkObjects: 2.370800 ms  DeleteObjects: 0.125400 ms)

========================================================================
Received Prepare
Registering precompiled user dll's ...
Registered in 0.004438 seconds.
Begin MonoManager ReloadAssembly
Native extension for WindowsStandalone target not found
Native extension for WebGL target not found
Refreshing native plugins compatible for Editor in 0.63 ms, found 2 plugins.
Preloading 0 native plugins for Editor in 0.00 ms.
Mono: successfully reloaded assembly
- Completed reload, in  1.097 seconds
Platform modules already initialized, skipping
Refreshing native plugins compatible for Editor in 0.63 ms, found 2 plugins.
Preloading 0 native plugins for Editor in 0.00 ms.
Unloading 3837 Unused Serialized files (Serialized files now loaded: 0)
System memory in use before: 155.6 MB.
System memory in use after: 155.7 MB.

Unloading 18 unused Assets to reduce memory usage. Loaded Objects now: 4546.
Total: 3.096500 ms (FindLiveObjects: 0.348500 ms CreateObjectMapping: 0.169700 ms MarkObjects: 2.488400 ms  DeleteObjects: 0.088700 ms)

========================================================================
Received Import Request.
  Time since last request: 1321.565833 seconds.
  path: Assets/Scripts/PlayerMovement.cs
  artifactKey: Guid(103cd61df2455b24d9c613dca5419ff1) Importer(815301076,1909f56bfc062723c751e8b465ee728b)
Start importing Assets/Scripts/PlayerMovement.cs using Guid(103cd61df2455b24d9c613dca5419ff1) Importer(815301076,1909f56bfc062723c751e8b465ee728b)  -> (artifact id: '31bcd20858307cdf83ef38440f0ebf6b') in 0.005745 seconds 
========================================================================
Received Prepare
Registering precompiled user dll's ...
Registered in 0.004495 seconds.
Begin MonoManager ReloadAssembly
Native extension for WindowsStandalone target not found
Native extension for WebGL target not found
Refreshing native plugins compatible for Editor in 0.69 ms, found 2 plugins.
Preloading 0 native plugins for Editor in 0.00 ms.
Mono: successfully reloaded assembly
- Completed reload, in  1.103 seconds
Platform modules already initialized, skipping
Refreshing native plugins compatible for Editor in 0.65 ms, found 2 plugins.
Preloading 0 native plugins for Editor in 0.00 ms.
Unloading 3837 Unused Serialized files (Serialized files now loaded: 0)
System memory in use before: 155.6 MB.
System memory in use after: 155.7 MB.

Unloading 18 unused Assets to reduce memory usage. Loaded Objects now: 4550.
Total: 2.953500 ms (FindLiveObjects: 0.305300 ms CreateObjectMapping: 0.189100 ms MarkObjects: 2.371400 ms  DeleteObjects: 0.086900 ms)

========================================================================
Received Prepare
Registering precompiled user dll's ...
Registered in 0.004627 seconds.
Begin MonoManager ReloadAssembly
Native extension for WindowsStandalone target not found
Native extension for WebGL target not found
Refreshing native plugins compatible for Editor in 0.64 ms, found 2 plugins.
Preloading 0 native plugins for Editor in 0.00 ms.
Mono: successfully reloaded assembly
- Completed reload, in  1.097 seconds
Platform modules already initialized, skipping
Refreshing native plugins compatible for Editor in 0.63 ms, found 2 plugins.
Preloading 0 native plugins for Editor in 0.00 ms.
Unloading 3837 Unused Serialized files (Serialized files now loaded: 0)
System memory in use before: 155.6 MB.
System memory in use after: 155.7 MB.

Unloading 18 unused Assets to reduce memory usage. Loaded Objects now: 4554.
Total: 2.911600 ms (FindLiveObjects: 0.296000 ms CreateObjectMapping: 0.167300 ms MarkObjects: 2.357500 ms  DeleteObjects: 0.089900 ms)

========================================================================
Received Prepare
Registering precompiled user dll's ...
Registered in 0.004729 seconds.
Begin MonoManager ReloadAssembly
Native extension for WindowsStandalone target not found
Native extension for WebGL target not found
Refreshing native plugins compatible for Editor in 0.75 ms, found 2 plugins.
Preloading 0 native plugins for Editor in 0.00 ms.
Mono: successfully reloaded assembly
- Completed reload, in  1.080 seconds
Platform modules already initialized, skipping
Refreshing native plugins compatible for Editor in 0.73 ms, found 2 plugins.
Preloading 0 native plugins for Editor in 0.00 ms.
Unloading 3837 Unused Serialized files (Serialized files now loaded: 0)
System memory in use before: 155.6 MB.
System memory in use after: 155.7 MB.

Unloading 18 unused Assets to reduce memory usage. Loaded Objects now: 4558.
Total: 2.970100 ms (FindLiveObjects: 0.319600 ms CreateObjectMapping: 0.204900 ms MarkObjects: 2.348200 ms  DeleteObjects: 0.095600 ms)

========================================================================
Received Prepare
Registering precompiled user dll's ...
Registered in 0.007258 seconds.
Begin MonoManager ReloadAssembly
Native extension for WindowsStandalone target not found
Native extension for WebGL target not found
Refreshing native plugins compatible for Editor in 0.73 ms, found 2 plugins.
Preloading 0 native plugins for Editor in 0.00 ms.
Mono: successfully reloaded assembly
- Completed reload, in  1.286 seconds
Platform modules already initialized, skipping
Refreshing native plugins compatible for Editor in 0.91 ms, found 2 plugins.
Preloading 0 native plugins for Editor in 0.00 ms.
Unloading 3837 Unused Serialized files (Serialized files now loaded: 0)
System memory in use before: 155.6 MB.
System memory in use after: 155.7 MB.

Unloading 18 unused Assets to reduce memory usage. Loaded Objects now: 4562.
Total: 3.826000 ms (FindLiveObjects: 0.452400 ms CreateObjectMapping: 0.281000 ms MarkObjects: 2.954200 ms  DeleteObjects: 0.136800 ms)

========================================================================
Received Import Request.
  Time since last request: 308.416162 seconds.
  path: Assets/Prefabs/Fire.prefab
  artifactKey: Guid(fa98cbf82d01b8742bd721f1ddcfd7dc) Importer(815301076,1909f56bfc062723c751e8b465ee728b)
Start importing Assets/Prefabs/Fire.prefab using Guid(fa98cbf82d01b8742bd721f1ddcfd7dc) Importer(815301076,1909f56bfc062723c751e8b465ee728b)  -> (artifact id: 'd459740a1779409ac1c7f0dee885c480') in 0.068604 seconds 
========================================================================
Received Prepare
Registering precompiled user dll's ...
Registered in 0.004653 seconds.
Begin MonoManager ReloadAssembly
Native extension for WindowsStandalone target not found
Native extension for WebGL target not found
Refreshing native plugins compatible for Editor in 0.78 ms, found 2 plugins.
Preloading 0 native plugins for Editor in 0.00 ms.
Mono: successfully reloaded assembly
- Completed reload, in  1.151 seconds
Platform modules already initialized, skipping
Refreshing native plugins compatible for Editor in 0.65 ms, found 2 plugins.
Preloading 0 native plugins for Editor in 0.00 ms.
Unloading 3837 Unused Serialized files (Serialized files now loaded: 0)
System memory in use before: 155.6 MB.
System memory in use after: 155.7 MB.

Unloading 18 unused Assets to reduce memory usage. Loaded Objects now: 4567.
Total: 3.070300 ms (FindLiveObjects: 0.303400 ms CreateObjectMapping: 0.167100 ms MarkObjects: 2.496000 ms  DeleteObjects: 0.102100 ms)

========================================================================
Received Prepare
Registering precompiled user dll's ...
Registered in 0.005119 seconds.
Begin MonoManager ReloadAssembly
Native extension for WindowsStandalone target not found
Native extension for WebGL target not found
Refreshing native plugins compatible for Editor in 0.71 ms, found 2 plugins.
Preloading 0 native plugins for Editor in 0.00 ms.
Mono: successfully reloaded assembly
- Completed reload, in  1.155 seconds
Platform modules already initialized, skipping
Refreshing native plugins compatible for Editor in 0.63 ms, found 2 plugins.
Preloading 0 native plugins for Editor in 0.00 ms.
Unloading 3837 Unused Serialized files (Serialized files now loaded: 0)
System memory in use before: 155.6 MB.
System memory in use after: 155.8 MB.

Unloading 18 unused Assets to reduce memory usage. Loaded Objects now: 4571.
Total: 2.919200 ms (FindLiveObjects: 0.304800 ms CreateObjectMapping: 0.172000 ms MarkObjects: 2.348700 ms  DeleteObjects: 0.092500 ms)

========================================================================
Received Prepare
Registering precompiled user dll's ...
Registered in 0.004793 seconds.
Begin MonoManager ReloadAssembly
Native extension for WindowsStandalone target not found
Native extension for WebGL target not found
Refreshing native plugins compatible for Editor in 0.66 ms, found 2 plugins.
Preloading 0 native plugins for Editor in 0.00 ms.
Mono: successfully reloaded assembly
- Completed reload, in  1.178 seconds
Platform modules already initialized, skipping
Refreshing native plugins compatible for Editor in 0.64 ms, found 2 plugins.
Preloading 0 native plugins for Editor in 0.00 ms.
Unloading 3837 Unused Serialized files (Serialized files now loaded: 0)
System memory in use before: 155.6 MB.
System memory in use after: 155.8 MB.

Unloading 18 unused Assets to reduce memory usage. Loaded Objects now: 4575.
Total: 3.322400 ms (FindLiveObjects: 0.526200 ms CreateObjectMapping: 0.326700 ms MarkObjects: 2.371100 ms  DeleteObjects: 0.097100 ms)

========================================================================
Received Import Request.
  Time since last request: 3256.529538 seconds.
  path: ProjectSettings/TagManager.asset
  artifactKey: Guid(00000000000000003000000000000000) Importer(815301076,1909f56bfc062723c751e8b465ee728b)
Start importing ProjectSettings/TagManager.asset using Guid(00000000000000003000000000000000) Importer(815301076,1909f56bfc062723c751e8b465ee728b)  -> (artifact id: '2e25489d077d49411807427993905e18') in 0.013154 seconds 
========================================================================
Received Prepare
Registering precompiled user dll's ...
Registered in 0.004695 seconds.
Begin MonoManager ReloadAssembly
Native extension for WindowsStandalone target not found
Native extension for WebGL target not found
Refreshing native plugins compatible for Editor in 0.67 ms, found 2 plugins.
Preloading 0 native plugins for Editor in 0.00 ms.
Mono: successfully reloaded assembly
- Completed reload, in  1.285 seconds
Platform modules already initialized, skipping
Refreshing native plugins compatible for Editor in 0.84 ms, found 2 plugins.
Preloading 0 native plugins for Editor in 0.00 ms.
Unloading 3837 Unused Serialized files (Serialized files now loaded: 0)
System memory in use before: 155.7 MB.
System memory in use after: 155.8 MB.

Unloading 19 unused Assets to reduce memory usage. Loaded Objects now: 4579.
Total: 3.104500 ms (FindLiveObjects: 0.304500 ms CreateObjectMapping: 0.201400 ms MarkObjects: 2.499600 ms  DeleteObjects: 0.097700 ms)

========================================================================
Received Prepare
Registering precompiled user dll's ...
Registered in 0.004366 seconds.
Begin MonoManager ReloadAssembly
Native extension for WindowsStandalone target not found
Native extension for WebGL target not found
Refreshing native plugins compatible for Editor in 0.63 ms, found 2 plugins.
Preloading 0 native plugins for Editor in 0.00 ms.
Mono: successfully reloaded assembly
- Completed reload, in  1.074 seconds
Platform modules already initialized, skipping
Refreshing native plugins compatible for Editor in 0.63 ms, found 2 plugins.
Preloading 0 native plugins for Editor in 0.00 ms.
Unloading 3837 Unused Serialized files (Serialized files now loaded: 0)
System memory in use before: 155.7 MB.
System memory in use after: 155.8 MB.

Unloading 18 unused Assets to reduce memory usage. Loaded Objects now: 4583.
Total: 2.830700 ms (FindLiveObjects: 0.300200 ms CreateObjectMapping: 0.155500 ms MarkObjects: 2.285200 ms  DeleteObjects: 0.089000 ms)

========================================================================
Received Import Request.
  Time since last request: 402.322199 seconds.
  path: Assets/Prefabs/Ginger (Player).prefab
  artifactKey: Guid(371cabe11097ab14b96530c60b023edb) Importer(815301076,1909f56bfc062723c751e8b465ee728b)
Start importing Assets/Prefabs/Ginger (Player).prefab using Guid(371cabe11097ab14b96530c60b023edb) Importer(815301076,1909f56bfc062723c751e8b465ee728b)  -> (artifact id: 'afe8b2a21e55d454136bc9e44874b68d') in 0.078228 seconds 
========================================================================
Received Prepare
Registering precompiled user dll's ...
Registered in 0.004448 seconds.
Begin MonoManager ReloadAssembly
Native extension for WindowsStandalone target not found
Native extension for WebGL target not found
Refreshing native plugins compatible for Editor in 0.65 ms, found 2 plugins.
Preloading 0 native plugins for Editor in 0.00 ms.
Mono: successfully reloaded assembly
- Completed reload, in  1.024 seconds
Platform modules already initialized, skipping
Refreshing native plugins compatible for Editor in 0.64 ms, found 2 plugins.
Preloading 0 native plugins for Editor in 0.00 ms.
Unloading 3837 Unused Serialized files (Serialized files now loaded: 0)
System memory in use before: 155.8 MB.
System memory in use after: 155.9 MB.

Unloading 18 unused Assets to reduce memory usage. Loaded Objects now: 4588.
Total: 3.023000 ms (FindLiveObjects: 0.289300 ms CreateObjectMapping: 0.184900 ms MarkObjects: 2.462300 ms  DeleteObjects: 0.085800 ms)

========================================================================
Received Import Request.
  Time since last request: 26.500626 seconds.
  path: Assets/Prefabs/Ginger (Player).prefab
  artifactKey: Guid(371cabe11097ab14b96530c60b023edb) Importer(815301076,1909f56bfc062723c751e8b465ee728b)
Start importing Assets/Prefabs/Ginger (Player).prefab using Guid(371cabe11097ab14b96530c60b023edb) Importer(815301076,1909f56bfc062723c751e8b465ee728b)  -> (artifact id: '20773b77cf28ab1ed66ac7e7503e2e25') in 0.068782 seconds 
========================================================================
Received Prepare
Registering precompiled user dll's ...
Registered in 0.004611 seconds.
Begin MonoManager ReloadAssembly
Native extension for WindowsStandalone target not found
Native extension for WebGL target not found
Refreshing native plugins compatible for Editor in 0.69 ms, found 2 plugins.
Preloading 0 native plugins for Editor in 0.00 ms.
Mono: successfully reloaded assembly
- Completed reload, in  1.082 seconds
Platform modules already initialized, skipping
Refreshing native plugins compatible for Editor in 0.64 ms, found 2 plugins.
Preloading 0 native plugins for Editor in 0.00 ms.
Unloading 3837 Unused Serialized files (Serialized files now loaded: 0)
System memory in use before: 155.8 MB.
System memory in use after: 155.9 MB.

Unloading 18 unused Assets to reduce memory usage. Loaded Objects now: 4593.
Total: 3.238400 ms (FindLiveObjects: 0.297800 ms CreateObjectMapping: 0.186300 ms MarkObjects: 2.661500 ms  DeleteObjects: 0.091500 ms)

========================================================================
Received Import Request.
  Time since last request: 15.308730 seconds.
  path: Assets/Prefabs/Ginger (Player).prefab
  artifactKey: Guid(371cabe11097ab14b96530c60b023edb) Importer(815301076,1909f56bfc062723c751e8b465ee728b)
Start importing Assets/Prefabs/Ginger (Player).prefab using Guid(371cabe11097ab14b96530c60b023edb) Importer(815301076,1909f56bfc062723c751e8b465ee728b)  -> (artifact id: '2c0cc849e5ed07f20b5fd3a969103436') in 0.075857 seconds 
========================================================================
Received Import Request.
  Time since last request: 59.689966 seconds.
  path: Assets/Prefabs/Ginger (Player).prefab
  artifactKey: Guid(371cabe11097ab14b96530c60b023edb) Importer(815301076,1909f56bfc062723c751e8b465ee728b)
Start importing Assets/Prefabs/Ginger (Player).prefab using Guid(371cabe11097ab14b96530c60b023edb) Importer(815301076,1909f56bfc062723c751e8b465ee728b)  -> (artifact id: 'f3cd4f00bfca2bc31879b138816ea965') in 0.013456 seconds 
========================================================================
Received Prepare
Registering precompiled user dll's ...
Registered in 0.004953 seconds.
Begin MonoManager ReloadAssembly
Native extension for WindowsStandalone target not found
Native extension for WebGL target not found
Refreshing native plugins compatible for Editor in 0.64 ms, found 2 plugins.
Preloading 0 native plugins for Editor in 0.00 ms.
Mono: successfully reloaded assembly
- Completed reload, in  1.071 seconds
Platform modules already initialized, skipping
Refreshing native plugins compatible for Editor in 0.65 ms, found 2 plugins.
Preloading 0 native plugins for Editor in 0.00 ms.
Unloading 3837 Unused Serialized files (Serialized files now loaded: 0)
System memory in use before: 155.8 MB.
System memory in use after: 155.9 MB.

Unloading 18 unused Assets to reduce memory usage. Loaded Objects now: 4598.
Total: 3.093900 ms (FindLiveObjects: 0.297700 ms CreateObjectMapping: 0.196300 ms MarkObjects: 2.512600 ms  DeleteObjects: 0.086300 ms)

========================================================================
Received Import Request.
  Time since last request: 23.488628 seconds.
  path: Assets/Prefabs/Ginger (Player).prefab
  artifactKey: Guid(371cabe11097ab14b96530c60b023edb) Importer(815301076,1909f56bfc062723c751e8b465ee728b)
Start importing Assets/Prefabs/Ginger (Player).prefab using Guid(371cabe11097ab14b96530c60b023edb) Importer(815301076,1909f56bfc062723c751e8b465ee728b)  -> (artifact id: '9192619b295834b8d6ce808b24c5a50a') in 0.063812 seconds 
========================================================================
Received Import Request.
  Time since last request: 4.382496 seconds.
  path: Assets/Prefabs/Ginger (Player).prefab
  artifactKey: Guid(371cabe11097ab14b96530c60b023edb) Importer(815301076,1909f56bfc062723c751e8b465ee728b)
Start importing Assets/Prefabs/Ginger (Player).prefab using Guid(371cabe11097ab14b96530c60b023edb) Importer(815301076,1909f56bfc062723c751e8b465ee728b)  -> (artifact id: 'bc10ed29646b0214d43872b7cd72723d') in 0.013194 seconds 
========================================================================
Received Prepare
Registering precompiled user dll's ...
Registered in 0.004491 seconds.
Begin MonoManager ReloadAssembly
Native extension for WindowsStandalone target not found
Native extension for WebGL target not found
Refreshing native plugins compatible for Editor in 0.67 ms, found 2 plugins.
Preloading 0 native plugins for Editor in 0.00 ms.
Mono: successfully reloaded assembly
- Completed reload, in  1.124 seconds
Platform modules already initialized, skipping
Refreshing native plugins compatible for Editor in 0.67 ms, found 2 plugins.
Preloading 0 native plugins for Editor in 0.00 ms.
Unloading 3837 Unused Serialized files (Serialized files now loaded: 0)
System memory in use before: 155.8 MB.
System memory in use after: 155.9 MB.

Unloading 18 unused Assets to reduce memory usage. Loaded Objects now: 4603.
Total: 2.848100 ms (FindLiveObjects: 0.342700 ms CreateObjectMapping: 0.203400 ms MarkObjects: 2.212300 ms  DeleteObjects: 0.088300 ms)

========================================================================
Received Prepare
Registering precompiled user dll's ...
Registered in 0.004448 seconds.
Begin MonoManager ReloadAssembly
Native extension for WindowsStandalone target not found
Native extension for WebGL target not found
Refreshing native plugins compatible for Editor in 0.64 ms, found 2 plugins.
Preloading 0 native plugins for Editor in 0.00 ms.
Mono: successfully reloaded assembly
- Completed reload, in  1.145 seconds
Platform modules already initialized, skipping
Refreshing native plugins compatible for Editor in 1.05 ms, found 2 plugins.
Preloading 0 native plugins for Editor in 0.00 ms.
Unloading 3837 Unused Serialized files (Serialized files now loaded: 0)
System memory in use before: 155.8 MB.
System memory in use after: 155.9 MB.

Unloading 18 unused Assets to reduce memory usage. Loaded Objects now: 4607.
Total: 3.254600 ms (FindLiveObjects: 0.373000 ms CreateObjectMapping: 0.186400 ms MarkObjects: 2.598300 ms  DeleteObjects: 0.095800 ms)

========================================================================
Received Prepare
Registering precompiled user dll's ...
Registered in 0.004790 seconds.
Begin MonoManager ReloadAssembly
Native extension for WindowsStandalone target not found
Native extension for WebGL target not found
Refreshing native plugins compatible for Editor in 0.66 ms, found 2 plugins.
Preloading 0 native plugins for Editor in 0.00 ms.
Mono: successfully reloaded assembly
- Completed reload, in  1.075 seconds
Platform modules already initialized, skipping
Refreshing native plugins compatible for Editor in 0.64 ms, found 2 plugins.
Preloading 0 native plugins for Editor in 0.00 ms.
Unloading 3837 Unused Serialized files (Serialized files now loaded: 0)
System memory in use before: 155.8 MB.
System memory in use after: 156.0 MB.

Unloading 18 unused Assets to reduce memory usage. Loaded Objects now: 4611.
Total: 3.189500 ms (FindLiveObjects: 0.309400 ms CreateObjectMapping: 0.159300 ms MarkObjects: 2.620300 ms  DeleteObjects: 0.099400 ms)

========================================================================
Received Prepare
Registering precompiled user dll's ...
Registered in 0.005107 seconds.
Begin MonoManager ReloadAssembly
Native extension for WindowsStandalone target not found
Native extension for WebGL target not found
Refreshing native plugins compatible for Editor in 0.68 ms, found 2 plugins.
Preloading 0 native plugins for Editor in 0.00 ms.
Mono: successfully reloaded assembly
- Completed reload, in  1.137 seconds
Platform modules already initialized, skipping
Refreshing native plugins compatible for Editor in 1.32 ms, found 2 plugins.
Preloading 0 native plugins for Editor in 0.00 ms.
Unloading 3837 Unused Serialized files (Serialized files now loaded: 0)
System memory in use before: 155.9 MB.
System memory in use after: 156.0 MB.

Unloading 18 unused Assets to reduce memory usage. Loaded Objects now: 4615.
Total: 3.545500 ms (FindLiveObjects: 0.416600 ms CreateObjectMapping: 0.274200 ms MarkObjects: 2.733100 ms  DeleteObjects: 0.120100 ms)

========================================================================
Received Import Request.
  Time since last request: 195.049087 seconds.
  path: Assets/Prefabs/Ginger (Player).prefab
  artifactKey: Guid(371cabe11097ab14b96530c60b023edb) Importer(815301076,1909f56bfc062723c751e8b465ee728b)
Start importing Assets/Prefabs/Ginger (Player).prefab using Guid(371cabe11097ab14b96530c60b023edb) Importer(815301076,1909f56bfc062723c751e8b465ee728b)  -> (artifact id: 'dc532e9305180a8097693ebd7095cb98') in 0.071399 seconds 
========================================================================
Received Prepare
Registering precompiled user dll's ...
Registered in 0.004588 seconds.
Begin MonoManager ReloadAssembly
Native extension for WindowsStandalone target not found
Native extension for WebGL target not found
Refreshing native plugins compatible for Editor in 0.66 ms, found 2 plugins.
Preloading 0 native plugins for Editor in 0.00 ms.
Mono: successfully reloaded assembly
- Completed reload, in  1.113 seconds
Platform modules already initialized, skipping
Refreshing native plugins compatible for Editor in 0.67 ms, found 2 plugins.
Preloading 0 native plugins for Editor in 0.00 ms.
Unloading 3837 Unused Serialized files (Serialized files now loaded: 0)
System memory in use before: 155.9 MB.
System memory in use after: 156.0 MB.

Unloading 18 unused Assets to reduce memory usage. Loaded Objects now: 4620.
Total: 2.946300 ms (FindLiveObjects: 0.305200 ms CreateObjectMapping: 0.164700 ms MarkObjects: 2.384900 ms  DeleteObjects: 0.090700 ms)

========================================================================
Received Prepare
Registering precompiled user dll's ...
Registered in 0.004901 seconds.
Begin MonoManager ReloadAssembly
Native extension for WindowsStandalone target not found
Native extension for WebGL target not found
Refreshing native plugins compatible for Editor in 0.68 ms, found 2 plugins.
Preloading 0 native plugins for Editor in 0.00 ms.
Mono: successfully reloaded assembly
- Completed reload, in  1.136 seconds
Platform modules already initialized, skipping
Refreshing native plugins compatible for Editor in 0.77 ms, found 2 plugins.
Preloading 0 native plugins for Editor in 0.00 ms.
Unloading 3837 Unused Serialized files (Serialized files now loaded: 0)
System memory in use before: 155.9 MB.
System memory in use after: 156.0 MB.

Unloading 18 unused Assets to reduce memory usage. Loaded Objects now: 4624.
Total: 3.893500 ms (FindLiveObjects: 0.304800 ms CreateObjectMapping: 0.221400 ms MarkObjects: 3.265400 ms  DeleteObjects: 0.100600 ms)

========================================================================
Received Prepare
Registering precompiled user dll's ...
Registered in 0.004575 seconds.
Begin MonoManager ReloadAssembly
Native extension for WindowsStandalone target not found
Native extension for WebGL target not found
Refreshing native plugins compatible for Editor in 0.66 ms, found 2 plugins.
Preloading 0 native plugins for Editor in 0.00 ms.
Mono: successfully reloaded assembly
- Completed reload, in  1.074 seconds
Platform modules already initialized, skipping
Refreshing native plugins compatible for Editor in 0.64 ms, found 2 plugins.
Preloading 0 native plugins for Editor in 0.00 ms.
Unloading 3837 Unused Serialized files (Serialized files now loaded: 0)
System memory in use before: 155.9 MB.
System memory in use after: 156.0 MB.

Unloading 18 unused Assets to reduce memory usage. Loaded Objects now: 4628.
Total: 3.087600 ms (FindLiveObjects: 0.305000 ms CreateObjectMapping: 0.164000 ms MarkObjects: 2.527000 ms  DeleteObjects: 0.090300 ms)

========================================================================
Received Prepare
Registering precompiled user dll's ...
Registered in 0.004728 seconds.
Begin MonoManager ReloadAssembly
Native extension for WindowsStandalone target not found
Native extension for WebGL target not found
Refreshing native plugins compatible for Editor in 0.74 ms, found 2 plugins.
Preloading 0 native plugins for Editor in 0.00 ms.
Mono: successfully reloaded assembly
- Completed reload, in  1.122 seconds
Platform modules already initialized, skipping
Refreshing native plugins compatible for Editor in 0.63 ms, found 2 plugins.
Preloading 0 native plugins for Editor in 0.00 ms.
Unloading 3837 Unused Serialized files (Serialized files now loaded: 0)
System memory in use before: 155.9 MB.
System memory in use after: 156.0 MB.

Unloading 18 unused Assets to reduce memory usage. Loaded Objects now: 4632.
Total: 3.212800 ms (FindLiveObjects: 0.315300 ms CreateObjectMapping: 0.160200 ms MarkObjects: 2.645100 ms  DeleteObjects: 0.091100 ms)

========================================================================
Received Import Request.
  Time since last request: 641.659002 seconds.
  path: Assets/Animations/Ginger Fire.controller
  artifactKey: Guid(cad3c6018273a124b8868c7d0597aa9e) Importer(815301076,1909f56bfc062723c751e8b465ee728b)
Start importing Assets/Animations/Ginger Fire.controller using Guid(cad3c6018273a124b8868c7d0597aa9e) Importer(815301076,1909f56bfc062723c751e8b465ee728b)  -> (artifact id: '19a4393fe44452509f2fc443ea1a7b84') in 0.014262 seconds 
========================================================================
Received Prepare
Registering precompiled user dll's ...
Registered in 0.004599 seconds.
Begin MonoManager ReloadAssembly
Native extension for WindowsStandalone target not found
Native extension for WebGL target not found
Refreshing native plugins compatible for Editor in 0.63 ms, found 2 plugins.
Preloading 0 native plugins for Editor in 0.00 ms.
Mono: successfully reloaded assembly
- Completed reload, in  1.049 seconds
Platform modules already initialized, skipping
Refreshing native plugins compatible for Editor in 0.67 ms, found 2 plugins.
Preloading 0 native plugins for Editor in 0.00 ms.
Unloading 3837 Unused Serialized files (Serialized files now loaded: 0)
System memory in use before: 155.9 MB.
System memory in use after: 156.0 MB.

Unloading 18 unused Assets to reduce memory usage. Loaded Objects now: 4636.
Total: 3.292900 ms (FindLiveObjects: 0.320000 ms CreateObjectMapping: 0.173000 ms MarkObjects: 2.709800 ms  DeleteObjects: 0.089000 ms)

========================================================================
Received Prepare
Registering precompiled user dll's ...
Registered in 0.004551 seconds.
Begin MonoManager ReloadAssembly
Native extension for WindowsStandalone target not found
Native extension for WebGL target not found
Refreshing native plugins compatible for Editor in 0.64 ms, found 2 plugins.
Preloading 0 native plugins for Editor in 0.00 ms.
Mono: successfully reloaded assembly
- Completed reload, in  1.096 seconds
Platform modules already initialized, skipping
Refreshing native plugins compatible for Editor in 0.63 ms, found 2 plugins.
Preloading 0 native plugins for Editor in 0.00 ms.
Unloading 3837 Unused Serialized files (Serialized files now loaded: 0)
System memory in use before: 155.9 MB.
System memory in use after: 156.0 MB.

Unloading 18 unused Assets to reduce memory usage. Loaded Objects now: 4640.
Total: 3.008400 ms (FindLiveObjects: 0.323100 ms CreateObjectMapping: 0.180900 ms MarkObjects: 2.413800 ms  DeleteObjects: 0.089500 ms)

========================================================================
Received Prepare
Registering precompiled user dll's ...
Registered in 0.004840 seconds.
Begin MonoManager ReloadAssembly
Native extension for WindowsStandalone target not found
Native extension for WebGL target not found
Refreshing native plugins compatible for Editor in 0.66 ms, found 2 plugins.
Preloading 0 native plugins for Editor in 0.00 ms.
Mono: successfully reloaded assembly
- Completed reload, in  1.081 seconds
Platform modules already initialized, skipping
Refreshing native plugins compatible for Editor in 0.66 ms, found 2 plugins.
Preloading 0 native plugins for Editor in 0.00 ms.
Unloading 3837 Unused Serialized files (Serialized files now loaded: 0)
System memory in use before: 155.9 MB.
System memory in use after: 156.1 MB.

Unloading 18 unused Assets to reduce memory usage. Loaded Objects now: 4644.
Total: 3.323900 ms (FindLiveObjects: 0.307600 ms CreateObjectMapping: 0.196800 ms MarkObjects: 2.725500 ms  DeleteObjects: 0.092900 ms)

========================================================================
Received Prepare
Registering precompiled user dll's ...
Registered in 0.004447 seconds.
Begin MonoManager ReloadAssembly
Native extension for WindowsStandalone target not found
Native extension for WebGL target not found
Refreshing native plugins compatible for Editor in 0.95 ms, found 2 plugins.
Preloading 0 native plugins for Editor in 0.00 ms.
Mono: successfully reloaded assembly
- Completed reload, in  1.093 seconds
Platform modules already initialized, skipping
Refreshing native plugins compatible for Editor in 0.65 ms, found 2 plugins.
Preloading 0 native plugins for Editor in 0.00 ms.
Unloading 3837 Unused Serialized files (Serialized files now loaded: 0)
System memory in use before: 155.9 MB.
System memory in use after: 156.1 MB.

Unloading 18 unused Assets to reduce memory usage. Loaded Objects now: 4648.
Total: 3.019200 ms (FindLiveObjects: 0.314900 ms CreateObjectMapping: 0.191100 ms MarkObjects: 2.422700 ms  DeleteObjects: 0.089500 ms)

========================================================================
Received Prepare
Registering precompiled user dll's ...
Registered in 0.005188 seconds.
Begin MonoManager ReloadAssembly
Native extension for WindowsStandalone target not found
Native extension for WebGL target not found
Refreshing native plugins compatible for Editor in 0.64 ms, found 2 plugins.
Preloading 0 native plugins for Editor in 0.00 ms.
Mono: successfully reloaded assembly
- Completed reload, in  1.051 seconds
Platform modules already initialized, skipping
Refreshing native plugins compatible for Editor in 0.63 ms, found 2 plugins.
Preloading 0 native plugins for Editor in 0.00 ms.
Unloading 3837 Unused Serialized files (Serialized files now loaded: 0)
System memory in use before: 156.0 MB.
System memory in use after: 156.1 MB.

Unloading 18 unused Assets to reduce memory usage. Loaded Objects now: 4652.
Total: 2.827800 ms (FindLiveObjects: 0.295800 ms CreateObjectMapping: 0.197700 ms MarkObjects: 2.249400 ms  DeleteObjects: 0.083900 ms)

========================================================================
Received Prepare
Registering precompiled user dll's ...
Registered in 0.005216 seconds.
Begin MonoManager ReloadAssembly
Native extension for WindowsStandalone target not found
Native extension for WebGL target not found
Refreshing native plugins compatible for Editor in 0.64 ms, found 2 plugins.
Preloading 0 native plugins for Editor in 0.00 ms.
Mono: successfully reloaded assembly
- Completed reload, in  1.104 seconds
Platform modules already initialized, skipping
Refreshing native plugins compatible for Editor in 0.65 ms, found 2 plugins.
Preloading 0 native plugins for Editor in 0.00 ms.
Unloading 3837 Unused Serialized files (Serialized files now loaded: 0)
System memory in use before: 156.0 MB.
System memory in use after: 156.1 MB.

Unloading 18 unused Assets to reduce memory usage. Loaded Objects now: 4656.
Total: 3.506400 ms (FindLiveObjects: 0.412700 ms CreateObjectMapping: 0.222300 ms MarkObjects: 2.776300 ms  DeleteObjects: 0.093800 ms)

========================================================================
Received Import Request.
  Time since last request: 473.246397 seconds.
  path: Assets/Input System/TileVania.inputactions
  artifactKey: Guid(257608a5b7d1c6544afdd1090c179a0c) Importer(815301076,1909f56bfc062723c751e8b465ee728b)
Start importing Assets/Input System/TileVania.inputactions using Guid(257608a5b7d1c6544afdd1090c179a0c) Importer(815301076,1909f56bfc062723c751e8b465ee728b)  -> (artifact id: '8975139b2f4f930fc0fa0badb3d2fd29') in 0.030039 seconds 
========================================================================
Received Prepare
Registering precompiled user dll's ...
Registered in 0.004561 seconds.
Begin MonoManager ReloadAssembly
Native extension for WindowsStandalone target not found
Native extension for WebGL target not found
Refreshing native plugins compatible for Editor in 0.70 ms, found 2 plugins.
Preloading 0 native plugins for Editor in 0.00 ms.
Mono: successfully reloaded assembly
- Completed reload, in  1.179 seconds
Platform modules already initialized, skipping
Refreshing native plugins compatible for Editor in 0.79 ms, found 2 plugins.
Preloading 0 native plugins for Editor in 0.00 ms.
Unloading 3837 Unused Serialized files (Serialized files now loaded: 0)
System memory in use before: 156.0 MB.
System memory in use after: 156.1 MB.

Unloading 18 unused Assets to reduce memory usage. Loaded Objects now: 4660.
Total: 4.295300 ms (FindLiveObjects: 0.551300 ms CreateObjectMapping: 0.297200 ms MarkObjects: 3.327200 ms  DeleteObjects: 0.118000 ms)

========================================================================
Received Prepare
Registering precompiled user dll's ...
Registered in 0.004433 seconds.
Begin MonoManager ReloadAssembly
Native extension for WindowsStandalone target not found
Native extension for WebGL target not found
Refreshing native plugins compatible for Editor in 0.70 ms, found 2 plugins.
Preloading 0 native plugins for Editor in 0.00 ms.
Mono: successfully reloaded assembly
- Completed reload, in  1.058 seconds
Platform modules already initialized, skipping
Refreshing native plugins compatible for Editor in 0.74 ms, found 2 plugins.
Preloading 0 native plugins for Editor in 0.00 ms.
Unloading 3837 Unused Serialized files (Serialized files now loaded: 0)
System memory in use before: 156.0 MB.
System memory in use after: 156.1 MB.

Unloading 18 unused Assets to reduce memory usage. Loaded Objects now: 4664.
Total: 4.608600 ms (FindLiveObjects: 0.563600 ms CreateObjectMapping: 0.223600 ms MarkObjects: 3.713600 ms  DeleteObjects: 0.105900 ms)

========================================================================
Received Prepare
Registering precompiled user dll's ...
Registered in 0.004505 seconds.
Begin MonoManager ReloadAssembly
Native extension for WindowsStandalone target not found
Native extension for WebGL target not found
Refreshing native plugins compatible for Editor in 0.65 ms, found 2 plugins.
Preloading 0 native plugins for Editor in 0.00 ms.
Mono: successfully reloaded assembly
- Completed reload, in  1.127 seconds
Platform modules already initialized, skipping
Refreshing native plugins compatible for Editor in 0.69 ms, found 2 plugins.
Preloading 0 native plugins for Editor in 0.00 ms.
Unloading 3837 Unused Serialized files (Serialized files now loaded: 0)
System memory in use before: 156.0 MB.
System memory in use after: 156.1 MB.

Unloading 18 unused Assets to reduce memory usage. Loaded Objects now: 4668.
Total: 2.923100 ms (FindLiveObjects: 0.326000 ms CreateObjectMapping: 0.184500 ms MarkObjects: 2.315700 ms  DeleteObjects: 0.095400 ms)

========================================================================
Received Prepare
Registering precompiled user dll's ...
Registered in 0.004586 seconds.
Begin MonoManager ReloadAssembly
Native extension for WindowsStandalone target not found
Native extension for WebGL target not found
Refreshing native plugins compatible for Editor in 0.65 ms, found 2 plugins.
Preloading 0 native plugins for Editor in 0.00 ms.
Mono: successfully reloaded assembly
- Completed reload, in  1.085 seconds
Platform modules already initialized, skipping
Refreshing native plugins compatible for Editor in 0.64 ms, found 2 plugins.
Preloading 0 native plugins for Editor in 0.00 ms.
Unloading 3837 Unused Serialized files (Serialized files now loaded: 0)
System memory in use before: 156.0 MB.
System memory in use after: 156.1 MB.

Unloading 18 unused Assets to reduce memory usage. Loaded Objects now: 4672.
Total: 3.229500 ms (FindLiveObjects: 0.315900 ms CreateObjectMapping: 0.164500 ms MarkObjects: 2.653600 ms  DeleteObjects: 0.094300 ms)

========================================================================
Received Prepare
Registering precompiled user dll's ...
Registered in 0.006691 seconds.
Begin MonoManager ReloadAssembly
Native extension for WindowsStandalone target not found
Native extension for WebGL target not found
Refreshing native plugins compatible for Editor in 0.63 ms, found 2 plugins.
Preloading 0 native plugins for Editor in 0.00 ms.
Mono: successfully reloaded assembly
- Completed reload, in  1.124 seconds
Platform modules already initialized, skipping
Refreshing native plugins compatible for Editor in 0.93 ms, found 2 plugins.
Preloading 0 native plugins for Editor in 0.00 ms.
Unloading 3837 Unused Serialized files (Serialized files now loaded: 0)
System memory in use before: 156.0 MB.
System memory in use after: 156.1 MB.

Unloading 18 unused Assets to reduce memory usage. Loaded Objects now: 4676.
Total: 2.779100 ms (FindLiveObjects: 0.330000 ms CreateObjectMapping: 0.194000 ms MarkObjects: 2.157900 ms  DeleteObjects: 0.095900 ms)

========================================================================
Received Import Request.
  Time since last request: 678.975966 seconds.
  path: Assets/Prefabs/Gobber.prefab
  artifactKey: Guid(259f785fe1b752943a260a2bd7b8abe3) Importer(815301076,1909f56bfc062723c751e8b465ee728b)
Start importing Assets/Prefabs/Gobber.prefab using Guid(259f785fe1b752943a260a2bd7b8abe3) Importer(815301076,1909f56bfc062723c751e8b465ee728b)  -> (artifact id: '4e63c7b8de10518fb0bd6f4e987853b3') in 0.049531 seconds 
========================================================================
Received Prepare
Registering precompiled user dll's ...
Registered in 0.004529 seconds.
Begin MonoManager ReloadAssembly
Native extension for WindowsStandalone target not found
Native extension for WebGL target not found
Refreshing native plugins compatible for Editor in 0.84 ms, found 2 plugins.
Preloading 0 native plugins for Editor in 0.00 ms.
Mono: successfully reloaded assembly
- Completed reload, in  1.296 seconds
Platform modules already initialized, skipping
Refreshing native plugins compatible for Editor in 0.65 ms, found 2 plugins.
Preloading 0 native plugins for Editor in 0.00 ms.
Unloading 3837 Unused Serialized files (Serialized files now loaded: 0)
System memory in use before: 156.0 MB.
System memory in use after: 156.1 MB.

Unloading 18 unused Assets to reduce memory usage. Loaded Objects now: 4681.
Total: 2.963200 ms (FindLiveObjects: 0.309000 ms CreateObjectMapping: 0.209900 ms MarkObjects: 2.351700 ms  DeleteObjects: 0.091600 ms)

========================================================================
Received Import Request.
  Time since last request: 13.922583 seconds.
  path: Assets/Prefabs/Fire.prefab
  artifactKey: Guid(fa98cbf82d01b8742bd721f1ddcfd7dc) Importer(815301076,1909f56bfc062723c751e8b465ee728b)
Start importing Assets/Prefabs/Fire.prefab using Guid(fa98cbf82d01b8742bd721f1ddcfd7dc) Importer(815301076,1909f56bfc062723c751e8b465ee728b)  -> (artifact id: '28097717b59a96ebdf62bb886b409fd3') in 0.046617 seconds 
========================================================================
Received Prepare
Registering precompiled user dll's ...
Registered in 0.004593 seconds.
Begin MonoManager ReloadAssembly
Native extension for WindowsStandalone target not found
Native extension for WebGL target not found
Refreshing native plugins compatible for Editor in 0.90 ms, found 2 plugins.
Preloading 0 native plugins for Editor in 0.00 ms.
Mono: successfully reloaded assembly
- Completed reload, in  1.288 seconds
Platform modules already initialized, skipping
Refreshing native plugins compatible for Editor in 1.06 ms, found 2 plugins.
Preloading 0 native plugins for Editor in 0.00 ms.
Unloading 3837 Unused Serialized files (Serialized files now loaded: 0)
System memory in use before: 156.0 MB.
System memory in use after: 156.2 MB.

Unloading 18 unused Assets to reduce memory usage. Loaded Objects now: 4686.
Total: 3.447200 ms (FindLiveObjects: 0.549400 ms CreateObjectMapping: 0.291100 ms MarkObjects: 2.502800 ms  DeleteObjects: 0.102500 ms)

========================================================================
Received Prepare
Registering precompiled user dll's ...
Registered in 0.005259 seconds.
Begin MonoManager ReloadAssembly
Native extension for WindowsStandalone target not found
Native extension for WebGL target not found
Refreshing native plugins compatible for Editor in 0.91 ms, found 2 plugins.
Preloading 0 native plugins for Editor in 0.00 ms.
Mono: successfully reloaded assembly
- Completed reload, in  1.282 seconds
Platform modules already initialized, skipping
Refreshing native plugins compatible for Editor in 0.91 ms, found 2 plugins.
Preloading 0 native plugins for Editor in 0.00 ms.
Unloading 3837 Unused Serialized files (Serialized files now loaded: 0)
System memory in use before: 156.0 MB.
System memory in use after: 156.2 MB.

Unloading 18 unused Assets to reduce memory usage. Loaded Objects now: 4690.
Total: 3.975200 ms (FindLiveObjects: 0.492100 ms CreateObjectMapping: 0.302200 ms MarkObjects: 3.068700 ms  DeleteObjects: 0.110300 ms)

========================================================================
Received Import Request.
  Time since last request: 19.789332 seconds.
  path: Assets/Prefabs/Fire.prefab
  artifactKey: Guid(fa98cbf82d01b8742bd721f1ddcfd7dc) Importer(815301076,1909f56bfc062723c751e8b465ee728b)
Start importing Assets/Prefabs/Fire.prefab using Guid(fa98cbf82d01b8742bd721f1ddcfd7dc) Importer(815301076,1909f56bfc062723c751e8b465ee728b)  -> (artifact id: 'b9330f996bf3156a7813b4e12d79e607') in 0.058856 seconds 
========================================================================
Received Import Request.
  Time since last request: 2.113888 seconds.
  path: Assets/Prefabs/Fire.prefab
  artifactKey: Guid(fa98cbf82d01b8742bd721f1ddcfd7dc) Importer(815301076,1909f56bfc062723c751e8b465ee728b)
Start importing Assets/Prefabs/Fire.prefab using Guid(fa98cbf82d01b8742bd721f1ddcfd7dc) Importer(815301076,1909f56bfc062723c751e8b465ee728b)  -> (artifact id: 'd4aa1623830be572a3848fc9283ad163') in 0.009452 seconds 
========================================================================
Received Import Request.
  Time since last request: 22.327519 seconds.
  path: Assets/Prefabs/Fire.prefab
  artifactKey: Guid(fa98cbf82d01b8742bd721f1ddcfd7dc) Importer(815301076,1909f56bfc062723c751e8b465ee728b)
Start importing Assets/Prefabs/Fire.prefab using Guid(fa98cbf82d01b8742bd721f1ddcfd7dc) Importer(815301076,1909f56bfc062723c751e8b465ee728b)  -> (artifact id: '2c17821e743b7b520edef56cd314b9f7') in 0.012010 seconds 
========================================================================
Received Import Request.
  Time since last request: 10.097730 seconds.
  path: Assets/Prefabs/Fire.prefab
  artifactKey: Guid(fa98cbf82d01b8742bd721f1ddcfd7dc) Importer(815301076,1909f56bfc062723c751e8b465ee728b)
Start importing Assets/Prefabs/Fire.prefab using Guid(fa98cbf82d01b8742bd721f1ddcfd7dc) Importer(815301076,1909f56bfc062723c751e8b465ee728b)  -> (artifact id: 'a4984470b0fbf9acafb16fd0374742d3') in 0.010535 seconds 
========================================================================
Received Prepare
Registering precompiled user dll's ...
Registered in 0.005313 seconds.
Begin MonoManager ReloadAssembly
Native extension for WindowsStandalone target not found
Native extension for WebGL target not found
Refreshing native plugins compatible for Editor in 0.69 ms, found 2 plugins.
Preloading 0 native plugins for Editor in 0.00 ms.
Mono: successfully reloaded assembly
- Completed reload, in  1.081 seconds
Platform modules already initialized, skipping
Refreshing native plugins compatible for Editor in 0.65 ms, found 2 plugins.
Preloading 0 native plugins for Editor in 0.00 ms.
Unloading 3837 Unused Serialized files (Serialized files now loaded: 0)
System memory in use before: 156.1 MB.
System memory in use after: 156.2 MB.

Unloading 18 unused Assets to reduce memory usage. Loaded Objects now: 4695.
Total: 3.162100 ms (FindLiveObjects: 0.315200 ms CreateObjectMapping: 0.168200 ms MarkObjects: 2.592200 ms  DeleteObjects: 0.085200 ms)

========================================================================
Received Prepare
Registering precompiled user dll's ...
Registered in 0.004642 seconds.
Begin MonoManager ReloadAssembly
Native extension for WindowsStandalone target not found
Native extension for WebGL target not found
Refreshing native plugins compatible for Editor in 0.68 ms, found 2 plugins.
Preloading 0 native plugins for Editor in 0.00 ms.
Mono: successfully reloaded assembly
- Completed reload, in  1.044 seconds
Platform modules already initialized, skipping
Refreshing native plugins compatible for Editor in 0.75 ms, found 2 plugins.
Preloading 0 native plugins for Editor in 0.00 ms.
Unloading 3837 Unused Serialized files (Serialized files now loaded: 0)
System memory in use before: 156.1 MB.
System memory in use after: 156.2 MB.

Unloading 18 unused Assets to reduce memory usage. Loaded Objects now: 4699.
Total: 4.371500 ms (FindLiveObjects: 0.447000 ms CreateObjectMapping: 0.248200 ms MarkObjects: 3.561000 ms  DeleteObjects: 0.114000 ms)

========================================================================
Received Prepare
Registering precompiled user dll's ...
Registered in 0.004564 seconds.
Begin MonoManager ReloadAssembly
Native extension for WindowsStandalone target not found
Native extension for WebGL target not found
Refreshing native plugins compatible for Editor in 0.67 ms, found 2 plugins.
Preloading 0 native plugins for Editor in 0.00 ms.
Mono: successfully reloaded assembly
- Completed reload, in  1.109 seconds
Platform modules already initialized, skipping
Refreshing native plugins compatible for Editor in 0.65 ms, found 2 plugins.
Preloading 0 native plugins for Editor in 0.00 ms.
Unloading 3837 Unused Serialized files (Serialized files now loaded: 0)
System memory in use before: 156.1 MB.
System memory in use after: 156.2 MB.

Unloading 18 unused Assets to reduce memory usage. Loaded Objects now: 4703.
Total: 2.845400 ms (FindLiveObjects: 0.308200 ms CreateObjectMapping: 0.191800 ms MarkObjects: 2.245100 ms  DeleteObjects: 0.098900 ms)

AssetImportWorkerClient::OnTransportError - code=2 error=End of file
